[2026-03-28 10:53:34][INFO] 使用设备: cuda
[2026-03-28 10:53:34][INFO] 加载数据集...
[2026-03-28 10:56:41][INFO] 可训练参数量: 403,585
[2026-03-28 10:56:41][INFO] ==================================================
[2026-03-28 10:56:41][INFO] 开始训练模型2：冻结 Wav2Vec2 + ResNet
[2026-03-28 10:56:41][INFO] ==================================================
[2026-03-28 10:57:14][INFO]   Epoch [1/20] Batch [100/397]  Loss: nan
[2026-03-28 10:57:47][INFO]   Epoch [1/20] Batch [200/397]  Loss: nan
[2026-03-28 10:58:20][INFO]   Epoch [1/20] Batch [300/397]  Loss: nan
[2026-03-28 11:14:34][INFO] 使用设备: cuda
[2026-03-28 11:14:34][INFO] 加载数据集...
[2026-03-28 11:16:04][INFO] 可训练参数量: 403,585
[2026-03-28 11:16:04][INFO] ==================================================
[2026-03-28 11:16:04][INFO] 开始训练模型2：冻结 Wav2Vec2 + ResNet
[2026-03-28 11:16:04][INFO] ==================================================
[2026-03-28 11:28:39][INFO] 使用设备: cuda
[2026-03-28 11:28:39][INFO] 加载数据集...
[2026-03-28 11:28:42][INFO] 可训练参数量: 403,585
[2026-03-28 11:28:42][INFO] ==================================================
[2026-03-28 11:28:42][INFO] 开始训练模型2：冻结 Wav2Vec2 + ResNet
[2026-03-28 11:28:42][INFO] ==================================================
[2026-03-28 11:29:17][INFO]   Epoch [1/20] Batch [100/397]  Loss: 0.3171
[2026-03-28 11:29:50][INFO]   Epoch [1/20] Batch [200/397]  Loss: 0.3389
[2026-03-28 11:30:24][INFO]   Epoch [1/20] Batch [300/397]  Loss: 0.4433
[2026-03-28 11:32:36][INFO] Epoch [ 1/20] | Loss: 0.3210 | Val EER: 24.83% | LR: 9.94e-04
[2026-03-28 11:32:37][INFO]   ★ 新的最佳 EER: 24.83% — 模型已保存
[2026-03-28 11:33:11][INFO]   Epoch [2/20] Batch [100/397]  Loss: 0.1359
[2026-03-28 11:33:44][INFO]   Epoch [2/20] Batch [200/397]  Loss: 0.2966
[2026-03-28 11:34:18][INFO]   Epoch [2/20] Batch [300/397]  Loss: 0.5242
[2026-03-28 11:36:29][INFO] Epoch [ 2/20] | Loss: 0.3065 | Val EER: 22.09% | LR: 9.76e-04
[2026-03-28 11:36:33][INFO]   ★ 新的最佳 EER: 22.09% — 模型已保存
[2026-03-28 11:37:07][INFO]   Epoch [3/20] Batch [100/397]  Loss: 0.3003
[2026-03-28 11:37:40][INFO]   Epoch [3/20] Batch [200/397]  Loss: 0.2431
[2026-03-28 11:38:14][INFO]   Epoch [3/20] Batch [300/397]  Loss: 0.2296
[2026-03-28 11:40:24][INFO] Epoch [ 3/20] | Loss: 0.2888 | Val EER: 30.10% | LR: 9.46e-04
[2026-03-28 11:40:59][INFO]   Epoch [4/20] Batch [100/397]  Loss: 0.3219
[2026-03-28 11:41:32][INFO]   Epoch [4/20] Batch [200/397]  Loss: 0.2233
[2026-03-28 11:42:06][INFO]   Epoch [4/20] Batch [300/397]  Loss: 0.2178
[2026-03-28 11:44:17][INFO] Epoch [ 4/20] | Loss: 0.2599 | Val EER: 32.06% | LR: 9.05e-04
[2026-03-28 11:44:50][INFO]   Epoch [5/20] Batch [100/397]  Loss: 0.2575
[2026-03-28 11:45:24][INFO]   Epoch [5/20] Batch [200/397]  Loss: 0.1785
[2026-03-28 11:45:58][INFO]   Epoch [5/20] Batch [300/397]  Loss: 0.1764
[2026-03-28 11:48:09][INFO] Epoch [ 5/20] | Loss: 0.2482 | Val EER: 24.53% | LR: 8.54e-04
[2026-03-28 11:48:43][INFO]   Epoch [6/20] Batch [100/397]  Loss: 0.3007
[2026-03-28 11:49:17][INFO]   Epoch [6/20] Batch [200/397]  Loss: 0.1702
[2026-03-28 11:49:50][INFO]   Epoch [6/20] Batch [300/397]  Loss: 0.1332
[2026-03-28 11:52:01][INFO] Epoch [ 6/20] | Loss: 0.2249 | Val EER: 22.09% | LR: 7.94e-04
[2026-03-28 11:52:02][INFO]   ★ 新的最佳 EER: 22.09% — 模型已保存
[2026-03-28 11:52:37][INFO]   Epoch [7/20] Batch [100/397]  Loss: 0.1651
[2026-03-28 11:53:11][INFO]   Epoch [7/20] Batch [200/397]  Loss: 0.3060
[2026-03-28 11:53:44][INFO]   Epoch [7/20] Batch [300/397]  Loss: 0.3583
[2026-03-28 11:55:55][INFO] Epoch [ 7/20] | Loss: 0.2230 | Val EER: 26.38% | LR: 7.27e-04
[2026-03-28 11:55:55][INFO] 早停触发！
[2026-03-28 11:55:55][INFO] 
训练完成！最佳验证 EER: 22.09%
[2026-03-28 12:18:29][INFO] 使用设备: cuda
[2026-03-28 12:18:29][INFO] 加载数据集...
[2026-03-28 12:18:32][INFO] 可训练参数量: 1,662,337
[2026-03-28 12:18:32][INFO] ==================================================
[2026-03-28 12:18:32][INFO] 开始训练模型2：冻结 Wav2Vec2 + ResNet
[2026-03-28 12:18:32][INFO] ==================================================
[2026-03-28 12:18:53][INFO]   Epoch [1/20] Batch [100/397]  Loss: 0.1496
[2026-03-28 12:19:12][INFO]   Epoch [1/20] Batch [200/397]  Loss: 0.1971
[2026-03-28 12:19:32][INFO]   Epoch [1/20] Batch [300/397]  Loss: 0.1106
[2026-03-28 12:21:14][INFO] Epoch [ 1/20] | Loss: 0.1735 | Val EER: 17.98% | LR: 9.94e-04
[2026-03-28 12:21:15][INFO]   ★ 新的最佳 EER: 17.98% — 模型已保存
[2026-03-28 12:21:36][INFO]   Epoch [2/20] Batch [100/397]  Loss: 0.0940
[2026-03-28 12:21:56][INFO]   Epoch [2/20] Batch [200/397]  Loss: 0.0804
[2026-03-28 12:22:16][INFO]   Epoch [2/20] Batch [300/397]  Loss: 0.0375
[2026-03-28 12:23:56][INFO] Epoch [ 2/20] | Loss: 0.1209 | Val EER: 21.97% | LR: 9.76e-04
[2026-03-28 12:24:17][INFO]   Epoch [3/20] Batch [100/397]  Loss: 0.0859
[2026-03-28 12:24:37][INFO]   Epoch [3/20] Batch [200/397]  Loss: 0.1224
[2026-03-28 12:24:57][INFO]   Epoch [3/20] Batch [300/397]  Loss: 0.1788
[2026-03-28 12:26:37][INFO] Epoch [ 3/20] | Loss: 0.0995 | Val EER: 14.96% | LR: 9.46e-04
[2026-03-28 12:26:40][INFO]   ★ 新的最佳 EER: 14.96% — 模型已保存
[2026-03-28 12:27:01][INFO]   Epoch [4/20] Batch [100/397]  Loss: 0.0448
[2026-03-28 12:27:21][INFO]   Epoch [4/20] Batch [200/397]  Loss: 0.1816
[2026-03-28 12:27:41][INFO]   Epoch [4/20] Batch [300/397]  Loss: 0.0600
[2026-03-28 12:29:21][INFO] Epoch [ 4/20] | Loss: 0.0925 | Val EER: 22.44% | LR: 9.05e-04
[2026-03-28 12:29:41][INFO]   Epoch [5/20] Batch [100/397]  Loss: 0.0776
[2026-03-28 12:30:01][INFO]   Epoch [5/20] Batch [200/397]  Loss: 0.0531
[2026-03-28 12:30:20][INFO]   Epoch [5/20] Batch [300/397]  Loss: 0.2555
[2026-03-28 12:32:00][INFO] Epoch [ 5/20] | Loss: 0.0884 | Val EER: 21.87% | LR: 8.54e-04
[2026-03-28 12:32:21][INFO]   Epoch [6/20] Batch [100/397]  Loss: 0.0694
[2026-03-28 12:32:41][INFO]   Epoch [6/20] Batch [200/397]  Loss: 0.1837
[2026-03-28 12:33:01][INFO]   Epoch [6/20] Batch [300/397]  Loss: 0.0353
[2026-03-28 12:34:41][INFO] Epoch [ 6/20] | Loss: 0.0796 | Val EER: 15.38% | LR: 7.94e-04
[2026-03-28 12:35:01][INFO]   Epoch [7/20] Batch [100/397]  Loss: 0.0961
[2026-03-28 12:35:21][INFO]   Epoch [7/20] Batch [200/397]  Loss: 0.0882
[2026-03-28 12:35:40][INFO]   Epoch [7/20] Batch [300/397]  Loss: 0.0593
[2026-03-28 12:37:20][INFO] Epoch [ 7/20] | Loss: 0.0820 | Val EER: 16.41% | LR: 7.27e-04
[2026-03-28 12:37:41][INFO]   Epoch [8/20] Batch [100/397]  Loss: 0.1029
[2026-03-28 12:38:01][INFO]   Epoch [8/20] Batch [200/397]  Loss: 0.0512
[2026-03-28 12:38:21][INFO]   Epoch [8/20] Batch [300/397]  Loss: 0.1018
[2026-03-28 12:40:01][INFO] Epoch [ 8/20] | Loss: 0.0766 | Val EER: 21.55% | LR: 6.55e-04
[2026-03-28 12:40:01][INFO] 早停触发！
[2026-03-28 12:40:01][INFO] 
训练完成！最佳验证 EER: 14.96%
