[2026-03-28 13:23:02][INFO] 使用设备: cuda
[2026-03-28 13:23:02][INFO] 加载数据集...
[2026-03-28 13:23:02][INFO] 训练集: 25380 条，验证集: 24844 条
[2026-03-28 13:23:02][INFO] ==================================================
[2026-03-28 13:23:02][INFO] 开始训练模型1：MFCC + CNN Baseline
[2026-03-28 13:23:02][INFO] ==================================================
[2026-03-28 13:23:29][INFO]   Epoch [1/15] Batch [200/794]  Loss: 0.3744
[2026-03-28 13:23:32][INFO]   Epoch [1/15] Batch [400/794]  Loss: 0.2389
[2026-03-28 13:23:35][INFO]   Epoch [1/15] Batch [600/794]  Loss: 0.2139
[2026-03-28 13:24:14][INFO] Epoch [ 1/15] | Loss: 0.2770 | Val EER: 13.35% | LR: 9.89e-04
[2026-03-28 13:24:14][INFO]   ★ 新的最佳 EER: 13.35% — 模型已保存
[2026-03-28 13:24:42][INFO]   Epoch [2/15] Batch [200/794]  Loss: 0.1905
[2026-03-28 13:24:45][INFO]   Epoch [2/15] Batch [400/794]  Loss: 0.2073
[2026-03-28 13:24:47][INFO]   Epoch [2/15] Batch [600/794]  Loss: 0.2602
[2026-03-28 13:25:23][INFO] Epoch [ 2/15] | Loss: 0.2124 | Val EER: 11.67% | LR: 9.57e-04
[2026-03-28 13:25:23][INFO]   ★ 新的最佳 EER: 11.67% — 模型已保存
[2026-03-28 13:25:49][INFO]   Epoch [3/15] Batch [200/794]  Loss: 0.1683
[2026-03-28 13:25:52][INFO]   Epoch [3/15] Batch [400/794]  Loss: 0.1290
[2026-03-28 13:25:55][INFO]   Epoch [3/15] Batch [600/794]  Loss: 0.2096
[2026-03-28 13:26:51][INFO] Epoch [ 3/15] | Loss: 0.1822 | Val EER: 10.14% | LR: 9.05e-04
[2026-03-28 13:26:51][INFO]   ★ 新的最佳 EER: 10.14% — 模型已保存
[2026-03-28 13:27:32][INFO]   Epoch [4/15] Batch [200/794]  Loss: 0.0576
[2026-03-28 13:27:37][INFO]   Epoch [4/15] Batch [400/794]  Loss: 0.2461
[2026-03-28 13:27:41][INFO]   Epoch [4/15] Batch [600/794]  Loss: 0.2626
[2026-03-28 13:28:44][INFO] Epoch [ 4/15] | Loss: 0.1566 | Val EER: 8.55% | LR: 8.35e-04
[2026-03-28 13:28:44][INFO]   ★ 新的最佳 EER: 8.55% — 模型已保存
[2026-03-28 13:29:27][INFO]   Epoch [5/15] Batch [200/794]  Loss: 0.0656
[2026-03-28 13:29:31][INFO]   Epoch [5/15] Batch [400/794]  Loss: 0.0417
[2026-03-28 13:29:36][INFO]   Epoch [5/15] Batch [600/794]  Loss: 0.1814
[2026-03-28 13:30:39][INFO] Epoch [ 5/15] | Loss: 0.1372 | Val EER: 8.40% | LR: 7.50e-04
[2026-03-28 13:30:39][INFO]   ★ 新的最佳 EER: 8.40% — 模型已保存
[2026-03-28 13:31:21][INFO]   Epoch [6/15] Batch [200/794]  Loss: 0.1422
[2026-03-28 13:31:26][INFO]   Epoch [6/15] Batch [400/794]  Loss: 0.1022
[2026-03-28 13:31:30][INFO]   Epoch [6/15] Batch [600/794]  Loss: 0.0716
[2026-03-28 13:32:34][INFO] Epoch [ 6/15] | Loss: 0.1230 | Val EER: 7.73% | LR: 6.55e-04
[2026-03-28 13:32:34][INFO]   ★ 新的最佳 EER: 7.73% — 模型已保存
[2026-03-28 13:33:17][INFO]   Epoch [7/15] Batch [200/794]  Loss: 0.0855
[2026-03-28 13:33:22][INFO]   Epoch [7/15] Batch [400/794]  Loss: 0.0464
[2026-03-28 13:33:27][INFO]   Epoch [7/15] Batch [600/794]  Loss: 0.0542
[2026-03-28 13:34:29][INFO] Epoch [ 7/15] | Loss: 0.1076 | Val EER: 7.46% | LR: 5.53e-04
[2026-03-28 13:34:29][INFO]   ★ 新的最佳 EER: 7.46% — 模型已保存
[2026-03-28 13:35:10][INFO]   Epoch [8/15] Batch [200/794]  Loss: 0.0878
[2026-03-28 13:35:14][INFO]   Epoch [8/15] Batch [400/794]  Loss: 0.0462
[2026-03-28 13:35:19][INFO]   Epoch [8/15] Batch [600/794]  Loss: 0.0817
[2026-03-28 13:36:21][INFO] Epoch [ 8/15] | Loss: 0.0987 | Val EER: 6.21% | LR: 4.48e-04
[2026-03-28 13:36:21][INFO]   ★ 新的最佳 EER: 6.21% — 模型已保存
[2026-03-28 13:37:01][INFO]   Epoch [9/15] Batch [200/794]  Loss: 0.0335
[2026-03-28 13:37:06][INFO]   Epoch [9/15] Batch [400/794]  Loss: 0.0551
[2026-03-28 13:37:10][INFO]   Epoch [9/15] Batch [600/794]  Loss: 0.0666
[2026-03-28 13:38:12][INFO] Epoch [ 9/15] | Loss: 0.0890 | Val EER: 6.39% | LR: 3.46e-04
[2026-03-28 13:38:53][INFO]   Epoch [10/15] Batch [200/794]  Loss: 0.0439
[2026-03-28 13:38:58][INFO]   Epoch [10/15] Batch [400/794]  Loss: 0.0641
[2026-03-28 13:39:01][INFO]   Epoch [10/15] Batch [600/794]  Loss: 0.0301
[2026-03-28 13:39:36][INFO] Epoch [10/15] | Loss: 0.0836 | Val EER: 6.39% | LR: 2.51e-04
[2026-03-28 13:40:02][INFO]   Epoch [11/15] Batch [200/794]  Loss: 0.0568
[2026-03-28 13:40:05][INFO]   Epoch [11/15] Batch [400/794]  Loss: 0.1807
[2026-03-28 13:40:08][INFO]   Epoch [11/15] Batch [600/794]  Loss: 0.0336
[2026-03-28 13:41:00][INFO] Epoch [11/15] | Loss: 0.0753 | Val EER: 5.80% | LR: 1.66e-04
[2026-03-28 13:41:00][INFO]   ★ 新的最佳 EER: 5.80% — 模型已保存
[2026-03-28 13:41:40][INFO]   Epoch [12/15] Batch [200/794]  Loss: 0.0578
[2026-03-28 13:41:44][INFO]   Epoch [12/15] Batch [400/794]  Loss: 0.0655
[2026-03-28 13:41:48][INFO]   Epoch [12/15] Batch [600/794]  Loss: 0.0453
[2026-03-28 13:42:54][INFO] Epoch [12/15] | Loss: 0.0719 | Val EER: 5.65% | LR: 9.64e-05
[2026-03-28 13:42:54][INFO]   ★ 新的最佳 EER: 5.65% — 模型已保存
[2026-03-28 13:43:37][INFO]   Epoch [13/15] Batch [200/794]  Loss: 0.2814
[2026-03-28 13:43:41][INFO]   Epoch [13/15] Batch [400/794]  Loss: 0.0116
[2026-03-28 13:43:45][INFO]   Epoch [13/15] Batch [600/794]  Loss: 0.0320
[2026-03-28 13:44:48][INFO] Epoch [13/15] | Loss: 0.0667 | Val EER: 5.62% | LR: 4.42e-05
[2026-03-28 13:44:48][INFO]   ★ 新的最佳 EER: 5.62% — 模型已保存
[2026-03-28 13:45:31][INFO]   Epoch [14/15] Batch [200/794]  Loss: 0.0607
[2026-03-28 13:45:35][INFO]   Epoch [14/15] Batch [400/794]  Loss: 0.0730
[2026-03-28 13:45:39][INFO]   Epoch [14/15] Batch [600/794]  Loss: 0.0377
[2026-03-28 13:46:43][INFO] Epoch [14/15] | Loss: 0.0635 | Val EER: 5.53% | LR: 1.19e-05
[2026-03-28 13:46:43][INFO]   ★ 新的最佳 EER: 5.53% — 模型已保存
[2026-03-28 13:47:26][INFO]   Epoch [15/15] Batch [200/794]  Loss: 0.0586
[2026-03-28 13:47:31][INFO]   Epoch [15/15] Batch [400/794]  Loss: 0.0525
[2026-03-28 13:47:35][INFO]   Epoch [15/15] Batch [600/794]  Loss: 0.0625
[2026-03-28 13:48:40][INFO] Epoch [15/15] | Loss: 0.0644 | Val EER: 5.40% | LR: 1.00e-06
[2026-03-28 13:48:40][INFO]   ★ 新的最佳 EER: 5.40% — 模型已保存
[2026-03-28 13:48:40][INFO] 
训练完成！最佳验证 EER: 5.40%
[2026-03-28 10:47:53][INFO] 使用设备: cuda
[2026-03-28 10:47:53][INFO] 加载数据集...
[2026-03-28 10:47:53][INFO] 训练集: 25380 条，验证集: 24844 条
[2026-03-28 10:47:54][INFO] ==================================================
[2026-03-28 10:47:54][INFO] 开始训练模型1：MFCC + CNN Baseline
[2026-03-28 10:47:54][INFO] ==================================================
[2026-03-28 10:47:59][INFO]   Epoch [1/20] Batch [200/397]  Loss: 0.2692
[2026-03-28 10:48:11][INFO] Epoch [ 1/20] | Loss: 0.2900 | Val EER: 16.17% | LR: 9.94e-04
[2026-03-28 10:48:11][INFO]   ★ 新的最佳 EER: 16.17% — 模型已保存
[2026-03-28 10:48:16][INFO]   Epoch [2/20] Batch [200/397]  Loss: 0.2231
[2026-03-28 10:48:28][INFO] Epoch [ 2/20] | Loss: 0.2239 | Val EER: 13.57% | LR: 9.76e-04
[2026-03-28 10:48:28][INFO]   ★ 新的最佳 EER: 13.57% — 模型已保存
[2026-03-28 10:48:32][INFO]   Epoch [3/20] Batch [200/397]  Loss: 0.1708
[2026-03-28 10:48:45][INFO] Epoch [ 3/20] | Loss: 0.1924 | Val EER: 10.44% | LR: 9.46e-04
[2026-03-28 10:48:45][INFO]   ★ 新的最佳 EER: 10.44% — 模型已保存
[2026-03-28 10:48:49][INFO]   Epoch [4/20] Batch [200/397]  Loss: 0.2529
[2026-03-28 10:49:01][INFO] Epoch [ 4/20] | Loss: 0.1701 | Val EER: 9.27% | LR: 9.05e-04
[2026-03-28 10:49:01][INFO]   ★ 新的最佳 EER: 9.27% — 模型已保存
[2026-03-28 10:49:05][INFO]   Epoch [5/20] Batch [200/397]  Loss: 0.0962
[2026-03-28 10:49:17][INFO] Epoch [ 5/20] | Loss: 0.1518 | Val EER: 9.65% | LR: 8.54e-04
[2026-03-28 10:49:22][INFO]   Epoch [6/20] Batch [200/397]  Loss: 0.0635
[2026-03-28 10:49:34][INFO] Epoch [ 6/20] | Loss: 0.1348 | Val EER: 9.10% | LR: 7.94e-04
[2026-03-28 10:49:34][INFO]   ★ 新的最佳 EER: 9.10% — 模型已保存
[2026-03-28 10:49:38][INFO]   Epoch [7/20] Batch [200/397]  Loss: 0.0826
[2026-03-28 10:49:50][INFO] Epoch [ 7/20] | Loss: 0.1203 | Val EER: 8.12% | LR: 7.27e-04
[2026-03-28 10:49:50][INFO]   ★ 新的最佳 EER: 8.12% — 模型已保存
[2026-03-28 10:49:55][INFO]   Epoch [8/20] Batch [200/397]  Loss: 0.0754
[2026-03-28 10:50:07][INFO] Epoch [ 8/20] | Loss: 0.1116 | Val EER: 8.36% | LR: 6.55e-04
[2026-03-28 10:50:11][INFO]   Epoch [9/20] Batch [200/397]  Loss: 0.1537
[2026-03-28 10:50:24][INFO] Epoch [ 9/20] | Loss: 0.1025 | Val EER: 6.79% | LR: 5.79e-04
[2026-03-28 10:50:24][INFO]   ★ 新的最佳 EER: 6.79% — 模型已保存
[2026-03-28 10:50:28][INFO]   Epoch [10/20] Batch [200/397]  Loss: 0.0982
[2026-03-28 10:50:40][INFO] Epoch [10/20] | Loss: 0.0919 | Val EER: 6.12% | LR: 5.01e-04
[2026-03-28 10:50:40][INFO]   ★ 新的最佳 EER: 6.12% — 模型已保存
[2026-03-28 10:50:45][INFO]   Epoch [11/20] Batch [200/397]  Loss: 0.1719
[2026-03-28 10:50:57][INFO] Epoch [11/20] | Loss: 0.0838 | Val EER: 6.05% | LR: 4.22e-04
[2026-03-28 10:50:57][INFO]   ★ 新的最佳 EER: 6.05% — 模型已保存
[2026-03-28 10:51:02][INFO]   Epoch [12/20] Batch [200/397]  Loss: 0.0503
[2026-03-28 10:51:14][INFO] Epoch [12/20] | Loss: 0.0810 | Val EER: 5.93% | LR: 3.46e-04
[2026-03-28 10:51:14][INFO]   ★ 新的最佳 EER: 5.93% — 模型已保存
[2026-03-28 10:51:19][INFO]   Epoch [13/20] Batch [200/397]  Loss: 0.0498
[2026-03-28 10:51:31][INFO] Epoch [13/20] | Loss: 0.0748 | Val EER: 5.85% | LR: 2.74e-04
[2026-03-28 10:51:31][INFO]   ★ 新的最佳 EER: 5.85% — 模型已保存
[2026-03-28 10:51:35][INFO]   Epoch [14/20] Batch [200/397]  Loss: 0.0790
[2026-03-28 10:51:47][INFO] Epoch [14/20] | Loss: 0.0726 | Val EER: 5.34% | LR: 2.07e-04
[2026-03-28 10:51:47][INFO]   ★ 新的最佳 EER: 5.34% — 模型已保存
[2026-03-28 10:51:52][INFO]   Epoch [15/20] Batch [200/397]  Loss: 0.1197
[2026-03-28 10:52:04][INFO] Epoch [15/20] | Loss: 0.0682 | Val EER: 5.49% | LR: 1.47e-04
[2026-03-28 10:52:09][INFO]   Epoch [16/20] Batch [200/397]  Loss: 0.0233
[2026-03-28 10:52:21][INFO] Epoch [16/20] | Loss: 0.0648 | Val EER: 5.09% | LR: 9.64e-05
[2026-03-28 10:52:21][INFO]   ★ 新的最佳 EER: 5.09% — 模型已保存
[2026-03-28 10:52:26][INFO]   Epoch [17/20] Batch [200/397]  Loss: 0.0406
[2026-03-28 10:52:38][INFO] Epoch [17/20] | Loss: 0.0600 | Val EER: 5.15% | LR: 5.54e-05
[2026-03-28 10:52:42][INFO]   Epoch [18/20] Batch [200/397]  Loss: 0.0259
[2026-03-28 10:52:54][INFO] Epoch [18/20] | Loss: 0.0591 | Val EER: 5.26% | LR: 2.54e-05
[2026-03-28 10:52:59][INFO]   Epoch [19/20] Batch [200/397]  Loss: 0.0330
[2026-03-28 10:53:11][INFO] Epoch [19/20] | Loss: 0.0593 | Val EER: 5.17% | LR: 7.15e-06
[2026-03-28 10:53:16][INFO]   Epoch [20/20] Batch [200/397]  Loss: 0.1330
[2026-03-28 10:53:28][INFO] Epoch [20/20] | Loss: 0.0588 | Val EER: 5.17% | LR: 1.00e-06
[2026-03-28 10:53:28][INFO] 
训练完成！最佳验证 EER: 5.09%
