[2026-03-28 11:56:02][INFO] 使用设备: cuda
[2026-03-28 11:56:02][INFO] 初始化数据增强器...
[2026-03-28 11:56:02][INFO] 增强参数: p=0.5, SNR 范围=[5.0,20.0] dB
[2026-03-28 11:56:02][INFO] 训练集: 25380 条（含实时增强）| 验证集: 24844 条
[2026-03-28 11:56:04][INFO] ============================================================
[2026-03-28 11:56:04][INFO] 开始训练模型3：微调 Wav2Vec2 + ResNet + 数据增强
[2026-03-28 11:56:04][INFO] 解冻计划: Epoch 5 解冻最后2层，Epoch 8 解冻最后4层
[2026-03-28 11:56:04][INFO] ============================================================
[2026-03-28 12:40:08][INFO] 使用设备: cuda
[2026-03-28 12:40:08][INFO] 初始化数据增强器...
[2026-03-28 12:40:08][INFO] 增强参数: p=0.5, SNR 范围=[5.0,20.0] dB
[2026-03-28 12:40:08][INFO] 训练集: 25380 条（含实时增强）| 验证集: 24844 条
[2026-03-28 12:40:08][INFO] 模型3 Batch 配置: 单步 batch=16, 梯度累积步数=4, 等效 batch=64
[2026-03-28 12:40:10][INFO] ============================================================
[2026-03-28 12:40:10][INFO] 开始训练模型3：微调 Wav2Vec2 + ResNet + 数据增强
[2026-03-28 12:40:10][INFO] 解冻计划: Epoch 5 解冻最后2层，Epoch 8 解冻最后4层
[2026-03-28 12:40:10][INFO] ============================================================
[2026-03-28 12:40:17][INFO]   Epoch [1/20] Batch [100/1587]  Loss: 0.2764
[2026-03-28 12:40:22][INFO]   Epoch [1/20] Batch [200/1587]  Loss: 0.4570
[2026-03-28 12:40:28][INFO]   Epoch [1/20] Batch [300/1587]  Loss: 0.1170
[2026-03-28 12:40:33][INFO]   Epoch [1/20] Batch [400/1587]  Loss: 0.1434
[2026-03-28 12:40:39][INFO]   Epoch [1/20] Batch [500/1587]  Loss: 0.2142
[2026-03-28 12:40:45][INFO]   Epoch [1/20] Batch [600/1587]  Loss: 0.3433
[2026-03-28 12:40:51][INFO]   Epoch [1/20] Batch [700/1587]  Loss: 0.4838
[2026-03-28 12:40:56][INFO]   Epoch [1/20] Batch [800/1587]  Loss: 0.0852
[2026-03-28 12:41:02][INFO]   Epoch [1/20] Batch [900/1587]  Loss: 0.3225
[2026-03-28 12:41:08][INFO]   Epoch [1/20] Batch [1000/1587]  Loss: 0.2310
[2026-03-28 12:41:13][INFO]   Epoch [1/20] Batch [1100/1587]  Loss: 0.4410
[2026-03-28 12:41:19][INFO]   Epoch [1/20] Batch [1200/1587]  Loss: 0.4242
[2026-03-28 12:41:25][INFO]   Epoch [1/20] Batch [1300/1587]  Loss: 0.2741
[2026-03-28 12:41:30][INFO]   Epoch [1/20] Batch [1400/1587]  Loss: 0.3370
[2026-03-28 12:41:36][INFO]   Epoch [1/20] Batch [1500/1587]  Loss: 0.1840
[2026-03-28 12:43:02][INFO] Epoch [ 1/20] | Loss: 0.3033 | Val EER: 19.86% | LR(backend): 9.94e-04
[2026-03-28 12:43:03][INFO]   ★ 新的最佳 EER: 19.86% — 模型已保存
[2026-03-28 12:43:09][INFO]   Epoch [2/20] Batch [100/1587]  Loss: 0.2423
[2026-03-28 12:43:15][INFO]   Epoch [2/20] Batch [200/1587]  Loss: 0.1141
[2026-03-28 12:43:20][INFO]   Epoch [2/20] Batch [300/1587]  Loss: 0.2135
[2026-03-28 12:43:26][INFO]   Epoch [2/20] Batch [400/1587]  Loss: 0.1263
[2026-03-28 12:43:32][INFO]   Epoch [2/20] Batch [500/1587]  Loss: 0.5609
[2026-03-28 12:43:37][INFO]   Epoch [2/20] Batch [600/1587]  Loss: 0.1219
[2026-03-28 12:43:43][INFO]   Epoch [2/20] Batch [700/1587]  Loss: 0.2324
[2026-03-28 12:43:49][INFO]   Epoch [2/20] Batch [800/1587]  Loss: 0.3171
[2026-03-28 12:43:54][INFO]   Epoch [2/20] Batch [900/1587]  Loss: 0.3985
[2026-03-28 12:44:00][INFO]   Epoch [2/20] Batch [1000/1587]  Loss: 0.1114
[2026-03-28 12:44:06][INFO]   Epoch [2/20] Batch [1100/1587]  Loss: 0.1798
[2026-03-28 12:44:11][INFO]   Epoch [2/20] Batch [1200/1587]  Loss: 0.2496
[2026-03-28 12:44:17][INFO]   Epoch [2/20] Batch [1300/1587]  Loss: 0.2296
[2026-03-28 12:44:23][INFO]   Epoch [2/20] Batch [1400/1587]  Loss: 0.2133
[2026-03-28 12:44:28][INFO]   Epoch [2/20] Batch [1500/1587]  Loss: 0.2664
[2026-03-28 12:45:54][INFO] Epoch [ 2/20] | Loss: 0.2712 | Val EER: 19.68% | LR(backend): 9.76e-04
[2026-03-28 12:45:57][INFO]   ★ 新的最佳 EER: 19.68% — 模型已保存
[2026-03-28 12:46:03][INFO]   Epoch [3/20] Batch [100/1587]  Loss: 0.3905
[2026-03-28 12:46:09][INFO]   Epoch [3/20] Batch [200/1587]  Loss: 0.1312
[2026-03-28 12:46:15][INFO]   Epoch [3/20] Batch [300/1587]  Loss: 0.3082
[2026-03-28 12:46:20][INFO]   Epoch [3/20] Batch [400/1587]  Loss: 0.2021
[2026-03-28 12:46:26][INFO]   Epoch [3/20] Batch [500/1587]  Loss: 0.1057
[2026-03-28 12:46:32][INFO]   Epoch [3/20] Batch [600/1587]  Loss: 0.6474
[2026-03-28 12:46:37][INFO]   Epoch [3/20] Batch [700/1587]  Loss: 0.1572
[2026-03-28 12:46:43][INFO]   Epoch [3/20] Batch [800/1587]  Loss: 0.0746
[2026-03-28 12:46:49][INFO]   Epoch [3/20] Batch [900/1587]  Loss: 0.9712
[2026-03-28 12:46:54][INFO]   Epoch [3/20] Batch [1000/1587]  Loss: 0.3456
[2026-03-28 12:47:00][INFO]   Epoch [3/20] Batch [1100/1587]  Loss: 0.0543
[2026-03-28 12:47:06][INFO]   Epoch [3/20] Batch [1200/1587]  Loss: 0.7349
[2026-03-28 12:47:11][INFO]   Epoch [3/20] Batch [1300/1587]  Loss: 0.2314
[2026-03-28 12:47:17][INFO]   Epoch [3/20] Batch [1400/1587]  Loss: 0.2621
[2026-03-28 12:47:23][INFO]   Epoch [3/20] Batch [1500/1587]  Loss: 0.0786
[2026-03-28 12:48:48][INFO] Epoch [ 3/20] | Loss: 0.2611 | Val EER: 18.53% | LR(backend): 9.46e-04
[2026-03-28 12:48:52][INFO]   ★ 新的最佳 EER: 18.53% — 模型已保存
[2026-03-28 12:48:58][INFO]   Epoch [4/20] Batch [100/1587]  Loss: 0.2702
[2026-03-28 12:49:04][INFO]   Epoch [4/20] Batch [200/1587]  Loss: 0.3302
[2026-03-28 12:49:09][INFO]   Epoch [4/20] Batch [300/1587]  Loss: 0.1666
[2026-03-28 12:49:15][INFO]   Epoch [4/20] Batch [400/1587]  Loss: 0.0694
[2026-03-28 12:49:21][INFO]   Epoch [4/20] Batch [500/1587]  Loss: 0.1159
[2026-03-28 12:49:26][INFO]   Epoch [4/20] Batch [600/1587]  Loss: 0.2032
[2026-03-28 12:49:32][INFO]   Epoch [4/20] Batch [700/1587]  Loss: 0.1515
[2026-03-28 12:49:38][INFO]   Epoch [4/20] Batch [800/1587]  Loss: 0.1292
[2026-03-28 12:49:43][INFO]   Epoch [4/20] Batch [900/1587]  Loss: 0.2303
[2026-03-28 12:49:49][INFO]   Epoch [4/20] Batch [1000/1587]  Loss: 0.3486
[2026-03-28 12:49:55][INFO]   Epoch [4/20] Batch [1100/1587]  Loss: 0.2595
[2026-03-28 12:50:01][INFO]   Epoch [4/20] Batch [1200/1587]  Loss: 0.3964
[2026-03-28 12:50:06][INFO]   Epoch [4/20] Batch [1300/1587]  Loss: 0.2279
[2026-03-28 12:50:12][INFO]   Epoch [4/20] Batch [1400/1587]  Loss: 0.2414
[2026-03-28 12:50:18][INFO]   Epoch [4/20] Batch [1500/1587]  Loss: 0.0996
[2026-03-28 12:51:43][INFO] Epoch [ 4/20] | Loss: 0.2552 | Val EER: 22.83% | LR(backend): 9.05e-04
[2026-03-28 12:51:49][INFO]   Epoch [5/20] Batch [100/1587]  Loss: 0.0968
[2026-03-28 12:51:55][INFO]   Epoch [5/20] Batch [200/1587]  Loss: 0.1744
[2026-03-28 12:52:00][INFO]   Epoch [5/20] Batch [300/1587]  Loss: 0.1170
[2026-03-28 12:52:06][INFO]   Epoch [5/20] Batch [400/1587]  Loss: 0.6526
[2026-03-28 12:52:12][INFO]   Epoch [5/20] Batch [500/1587]  Loss: 0.5168
[2026-03-28 12:52:17][INFO]   Epoch [5/20] Batch [600/1587]  Loss: 0.3799
[2026-03-28 12:52:23][INFO]   Epoch [5/20] Batch [700/1587]  Loss: 0.1758
[2026-03-28 12:52:29][INFO]   Epoch [5/20] Batch [800/1587]  Loss: 0.0919
[2026-03-28 12:52:34][INFO]   Epoch [5/20] Batch [900/1587]  Loss: 0.1962
[2026-03-28 12:52:40][INFO]   Epoch [5/20] Batch [1000/1587]  Loss: 0.2318
[2026-03-28 12:52:46][INFO]   Epoch [5/20] Batch [1100/1587]  Loss: 0.2123
[2026-03-28 12:52:52][INFO]   Epoch [5/20] Batch [1200/1587]  Loss: 0.0570
[2026-03-28 12:52:57][INFO]   Epoch [5/20] Batch [1300/1587]  Loss: 0.2040
[2026-03-28 12:53:03][INFO]   Epoch [5/20] Batch [1400/1587]  Loss: 0.4462
[2026-03-28 12:53:09][INFO]   Epoch [5/20] Batch [1500/1587]  Loss: 0.1884
[2026-03-28 12:54:34][INFO] Epoch [ 5/20] | Loss: 0.2416 | Val EER: 21.18% | LR(backend): 8.54e-04
[2026-03-28 12:54:46][INFO]   Epoch [6/20] Batch [100/1587]  Loss: 0.0803
[2026-03-28 12:54:57][INFO]   Epoch [6/20] Batch [200/1587]  Loss: 0.3311
[2026-03-28 12:55:09][INFO]   Epoch [6/20] Batch [300/1587]  Loss: 0.2549
[2026-03-28 12:55:20][INFO]   Epoch [6/20] Batch [400/1587]  Loss: 0.1831
[2026-03-28 12:55:32][INFO]   Epoch [6/20] Batch [500/1587]  Loss: 0.0669
[2026-03-28 12:55:43][INFO]   Epoch [6/20] Batch [600/1587]  Loss: 0.6478
[2026-03-28 12:55:54][INFO]   Epoch [6/20] Batch [700/1587]  Loss: 0.0390
[2026-03-28 12:56:06][INFO]   Epoch [6/20] Batch [800/1587]  Loss: 0.1266
[2026-03-28 12:56:17][INFO]   Epoch [6/20] Batch [900/1587]  Loss: 0.2733
[2026-03-28 12:56:29][INFO]   Epoch [6/20] Batch [1000/1587]  Loss: 0.1785
[2026-03-28 12:56:40][INFO]   Epoch [6/20] Batch [1100/1587]  Loss: 0.4030
[2026-03-28 12:56:52][INFO]   Epoch [6/20] Batch [1200/1587]  Loss: 0.1006
[2026-03-28 12:57:03][INFO]   Epoch [6/20] Batch [1300/1587]  Loss: 0.3623
[2026-03-28 12:57:14][INFO]   Epoch [6/20] Batch [1400/1587]  Loss: 0.0522
[2026-03-28 12:57:26][INFO]   Epoch [6/20] Batch [1500/1587]  Loss: 0.2657
[2026-03-28 12:58:57][INFO] Epoch [ 6/20] | Loss: 0.2273 | Val EER: 20.72% | LR(backend): 7.94e-04
[2026-03-28 12:59:08][INFO]   Epoch [7/20] Batch [100/1587]  Loss: 0.3458
[2026-03-28 12:59:20][INFO]   Epoch [7/20] Batch [200/1587]  Loss: 0.3450
[2026-03-28 12:59:31][INFO]   Epoch [7/20] Batch [300/1587]  Loss: 0.3203
[2026-03-28 12:59:42][INFO]   Epoch [7/20] Batch [400/1587]  Loss: 0.4728
[2026-03-28 12:59:54][INFO]   Epoch [7/20] Batch [500/1587]  Loss: 0.1601
[2026-03-28 13:00:05][INFO]   Epoch [7/20] Batch [600/1587]  Loss: 0.0900
[2026-03-28 13:00:17][INFO]   Epoch [7/20] Batch [700/1587]  Loss: 0.3166
[2026-03-28 13:00:28][INFO]   Epoch [7/20] Batch [800/1587]  Loss: 0.1944
[2026-03-28 13:00:40][INFO]   Epoch [7/20] Batch [900/1587]  Loss: 0.1288
[2026-03-28 13:00:51][INFO]   Epoch [7/20] Batch [1000/1587]  Loss: 0.0273
[2026-03-28 13:01:02][INFO]   Epoch [7/20] Batch [1100/1587]  Loss: 0.1911
[2026-03-28 13:01:14][INFO]   Epoch [7/20] Batch [1200/1587]  Loss: 0.0839
[2026-03-28 13:01:25][INFO]   Epoch [7/20] Batch [1300/1587]  Loss: 0.0874
[2026-03-28 13:01:37][INFO]   Epoch [7/20] Batch [1400/1587]  Loss: 0.0530
[2026-03-28 13:01:48][INFO]   Epoch [7/20] Batch [1500/1587]  Loss: 0.0950
[2026-03-28 13:03:19][INFO] Epoch [ 7/20] | Loss: 0.2106 | Val EER: 12.79% | LR(backend): 7.27e-04
[2026-03-28 13:03:23][INFO]   ★ 新的最佳 EER: 12.79% — 模型已保存
[2026-03-28 13:03:34][INFO]   Epoch [8/20] Batch [100/1587]  Loss: 0.5140
[2026-03-28 13:03:46][INFO]   Epoch [8/20] Batch [200/1587]  Loss: 0.1397
[2026-03-28 13:03:57][INFO]   Epoch [8/20] Batch [300/1587]  Loss: 0.1251
[2026-03-28 13:04:08][INFO]   Epoch [8/20] Batch [400/1587]  Loss: 0.4160
[2026-03-28 13:04:20][INFO]   Epoch [8/20] Batch [500/1587]  Loss: 0.3127
[2026-03-28 13:04:31][INFO]   Epoch [8/20] Batch [600/1587]  Loss: 0.0997
[2026-03-28 13:04:43][INFO]   Epoch [8/20] Batch [700/1587]  Loss: 0.4339
[2026-03-28 13:04:54][INFO]   Epoch [8/20] Batch [800/1587]  Loss: 0.1125
[2026-03-28 13:05:05][INFO]   Epoch [8/20] Batch [900/1587]  Loss: 0.2213
[2026-03-28 13:05:17][INFO]   Epoch [8/20] Batch [1000/1587]  Loss: 0.1550
[2026-03-28 13:05:28][INFO]   Epoch [8/20] Batch [1100/1587]  Loss: 0.0512
[2026-03-28 13:05:40][INFO]   Epoch [8/20] Batch [1200/1587]  Loss: 0.1817
[2026-03-28 13:05:51][INFO]   Epoch [8/20] Batch [1300/1587]  Loss: 0.1413
[2026-03-28 13:06:03][INFO]   Epoch [8/20] Batch [1400/1587]  Loss: 0.2036
[2026-03-28 13:06:14][INFO]   Epoch [8/20] Batch [1500/1587]  Loss: 0.2456
[2026-03-28 13:07:45][INFO] Epoch [ 8/20] | Loss: 0.1931 | Val EER: 17.66% | LR(backend): 6.55e-04
[2026-03-28 13:07:57][INFO]   Epoch [9/20] Batch [100/1587]  Loss: 0.2121
[2026-03-28 13:08:09][INFO]   Epoch [9/20] Batch [200/1587]  Loss: 0.4501
[2026-03-28 13:08:20][INFO]   Epoch [9/20] Batch [300/1587]  Loss: 0.1910
[2026-03-28 13:08:32][INFO]   Epoch [9/20] Batch [400/1587]  Loss: 0.1183
[2026-03-28 13:08:44][INFO]   Epoch [9/20] Batch [500/1587]  Loss: 0.0645
[2026-03-28 13:08:56][INFO]   Epoch [9/20] Batch [600/1587]  Loss: 0.1954
[2026-03-28 13:09:07][INFO]   Epoch [9/20] Batch [700/1587]  Loss: 0.0220
[2026-03-28 13:09:19][INFO]   Epoch [9/20] Batch [800/1587]  Loss: 0.5558
[2026-03-28 13:09:31][INFO]   Epoch [9/20] Batch [900/1587]  Loss: 0.1863
[2026-03-28 13:09:43][INFO]   Epoch [9/20] Batch [1000/1587]  Loss: 0.0389
[2026-03-28 13:09:54][INFO]   Epoch [9/20] Batch [1100/1587]  Loss: 0.0960
[2026-03-28 13:10:06][INFO]   Epoch [9/20] Batch [1200/1587]  Loss: 0.0892
[2026-03-28 13:10:18][INFO]   Epoch [9/20] Batch [1300/1587]  Loss: 0.7793
[2026-03-28 13:10:30][INFO]   Epoch [9/20] Batch [1400/1587]  Loss: 0.1521
[2026-03-28 13:10:41][INFO]   Epoch [9/20] Batch [1500/1587]  Loss: 0.0464
[2026-03-28 13:12:13][INFO] Epoch [ 9/20] | Loss: 0.1669 | Val EER: 4.07% | LR(backend): 5.79e-04
[2026-03-28 13:12:16][INFO]   ★ 新的最佳 EER: 4.07% — 模型已保存
[2026-03-28 13:12:28][INFO]   Epoch [10/20] Batch [100/1587]  Loss: 0.2730
[2026-03-28 13:12:40][INFO]   Epoch [10/20] Batch [200/1587]  Loss: 0.0724
[2026-03-28 13:12:52][INFO]   Epoch [10/20] Batch [300/1587]  Loss: 0.0789
[2026-03-28 13:13:04][INFO]   Epoch [10/20] Batch [400/1587]  Loss: 0.0852
[2026-03-28 13:13:15][INFO]   Epoch [10/20] Batch [500/1587]  Loss: 0.1002
[2026-03-28 13:13:27][INFO]   Epoch [10/20] Batch [600/1587]  Loss: 0.1062
[2026-03-28 13:13:39][INFO]   Epoch [10/20] Batch [700/1587]  Loss: 0.1250
[2026-03-28 13:13:51][INFO]   Epoch [10/20] Batch [800/1587]  Loss: 0.0474
[2026-03-28 13:14:02][INFO]   Epoch [10/20] Batch [900/1587]  Loss: 0.1350
[2026-03-28 13:14:14][INFO]   Epoch [10/20] Batch [1000/1587]  Loss: 0.0430
[2026-03-28 13:14:26][INFO]   Epoch [10/20] Batch [1100/1587]  Loss: 0.2504
[2026-03-28 13:14:37][INFO]   Epoch [10/20] Batch [1200/1587]  Loss: 0.1147
[2026-03-28 13:14:49][INFO]   Epoch [10/20] Batch [1300/1587]  Loss: 0.0890
[2026-03-28 13:15:01][INFO]   Epoch [10/20] Batch [1400/1587]  Loss: 0.2240
[2026-03-28 13:15:13][INFO]   Epoch [10/20] Batch [1500/1587]  Loss: 0.5579
[2026-03-28 13:16:44][INFO] Epoch [10/20] | Loss: 0.1406 | Val EER: 2.47% | LR(backend): 5.01e-04
[2026-03-28 13:16:47][INFO]   ★ 新的最佳 EER: 2.47% — 模型已保存
[2026-03-28 13:16:59][INFO]   Epoch [11/20] Batch [100/1587]  Loss: 0.0909
[2026-03-28 13:17:11][INFO]   Epoch [11/20] Batch [200/1587]  Loss: 0.1793
[2026-03-28 13:17:23][INFO]   Epoch [11/20] Batch [300/1587]  Loss: 0.0663
[2026-03-28 13:17:34][INFO]   Epoch [11/20] Batch [400/1587]  Loss: 0.0204
[2026-03-28 13:17:46][INFO]   Epoch [11/20] Batch [500/1587]  Loss: 0.1774
[2026-03-28 13:17:58][INFO]   Epoch [11/20] Batch [600/1587]  Loss: 0.0398
[2026-03-28 13:18:10][INFO]   Epoch [11/20] Batch [700/1587]  Loss: 0.0253
[2026-03-28 13:18:21][INFO]   Epoch [11/20] Batch [800/1587]  Loss: 0.0397
[2026-03-28 13:18:33][INFO]   Epoch [11/20] Batch [900/1587]  Loss: 0.0495
[2026-03-28 13:18:45][INFO]   Epoch [11/20] Batch [1000/1587]  Loss: 0.1626
[2026-03-28 13:18:57][INFO]   Epoch [11/20] Batch [1100/1587]  Loss: 0.1507
[2026-03-28 13:19:09][INFO]   Epoch [11/20] Batch [1200/1587]  Loss: 0.0214
[2026-03-28 13:19:20][INFO]   Epoch [11/20] Batch [1300/1587]  Loss: 0.0332
[2026-03-28 13:19:32][INFO]   Epoch [11/20] Batch [1400/1587]  Loss: 0.1163
[2026-03-28 13:19:44][INFO]   Epoch [11/20] Batch [1500/1587]  Loss: 0.0159
[2026-03-28 13:21:15][INFO] Epoch [11/20] | Loss: 0.1250 | Val EER: 1.80% | LR(backend): 4.22e-04
[2026-03-28 13:21:18][INFO]   ★ 新的最佳 EER: 1.80% — 模型已保存
[2026-03-28 13:21:30][INFO]   Epoch [12/20] Batch [100/1587]  Loss: 0.0691
[2026-03-28 13:21:42][INFO]   Epoch [12/20] Batch [200/1587]  Loss: 0.1126
[2026-03-28 13:21:53][INFO]   Epoch [12/20] Batch [300/1587]  Loss: 0.0098
[2026-03-28 13:22:05][INFO]   Epoch [12/20] Batch [400/1587]  Loss: 0.0471
[2026-03-28 13:22:17][INFO]   Epoch [12/20] Batch [500/1587]  Loss: 0.1183
[2026-03-28 13:22:29][INFO]   Epoch [12/20] Batch [600/1587]  Loss: 0.0788
[2026-03-28 13:22:40][INFO]   Epoch [12/20] Batch [700/1587]  Loss: 0.2161
[2026-03-28 13:22:52][INFO]   Epoch [12/20] Batch [800/1587]  Loss: 0.2779
[2026-03-28 13:23:04][INFO]   Epoch [12/20] Batch [900/1587]  Loss: 0.1754
[2026-03-28 13:23:15][INFO]   Epoch [12/20] Batch [1000/1587]  Loss: 0.0774
[2026-03-28 13:23:27][INFO]   Epoch [12/20] Batch [1100/1587]  Loss: 0.0346
[2026-03-28 13:23:39][INFO]   Epoch [12/20] Batch [1200/1587]  Loss: 0.1037
[2026-03-28 13:23:51][INFO]   Epoch [12/20] Batch [1300/1587]  Loss: 0.1736
[2026-03-28 13:24:03][INFO]   Epoch [12/20] Batch [1400/1587]  Loss: 0.0359
[2026-03-28 13:24:14][INFO]   Epoch [12/20] Batch [1500/1587]  Loss: 0.0157
[2026-03-28 13:25:45][INFO] Epoch [12/20] | Loss: 0.1145 | Val EER: 1.29% | LR(backend): 3.46e-04
[2026-03-28 13:25:49][INFO]   ★ 新的最佳 EER: 1.29% — 模型已保存
[2026-03-28 13:26:01][INFO]   Epoch [13/20] Batch [100/1587]  Loss: 0.0251
[2026-03-28 13:26:12][INFO]   Epoch [13/20] Batch [200/1587]  Loss: 0.6087
[2026-03-28 13:26:24][INFO]   Epoch [13/20] Batch [300/1587]  Loss: 0.2641
[2026-03-28 13:26:36][INFO]   Epoch [13/20] Batch [400/1587]  Loss: 0.1014
[2026-03-28 13:26:48][INFO]   Epoch [13/20] Batch [500/1587]  Loss: 0.0233
[2026-03-28 13:27:00][INFO]   Epoch [13/20] Batch [600/1587]  Loss: 0.1777
[2026-03-28 13:27:12][INFO]   Epoch [13/20] Batch [700/1587]  Loss: 0.0592
[2026-03-28 13:27:24][INFO]   Epoch [13/20] Batch [800/1587]  Loss: 0.0402
[2026-03-28 13:27:36][INFO]   Epoch [13/20] Batch [900/1587]  Loss: 0.4545
[2026-03-28 13:27:48][INFO]   Epoch [13/20] Batch [1000/1587]  Loss: 0.0456
[2026-03-28 13:28:00][INFO]   Epoch [13/20] Batch [1100/1587]  Loss: 0.0443
[2026-03-28 13:28:11][INFO]   Epoch [13/20] Batch [1200/1587]  Loss: 0.1196
[2026-03-28 13:28:23][INFO]   Epoch [13/20] Batch [1300/1587]  Loss: 0.2247
[2026-03-28 13:28:35][INFO]   Epoch [13/20] Batch [1400/1587]  Loss: 0.3098
[2026-03-28 13:28:47][INFO]   Epoch [13/20] Batch [1500/1587]  Loss: 0.0245
[2026-03-28 13:30:19][INFO] Epoch [13/20] | Loss: 0.1032 | Val EER: 1.09% | LR(backend): 2.74e-04
[2026-03-28 13:30:23][INFO]   ★ 新的最佳 EER: 1.09% — 模型已保存
[2026-03-28 13:30:35][INFO]   Epoch [14/20] Batch [100/1587]  Loss: 0.2097
[2026-03-28 13:30:47][INFO]   Epoch [14/20] Batch [200/1587]  Loss: 0.0485
[2026-03-28 13:30:58][INFO]   Epoch [14/20] Batch [300/1587]  Loss: 0.0939
[2026-03-28 13:31:10][INFO]   Epoch [14/20] Batch [400/1587]  Loss: 0.0461
[2026-03-28 13:31:22][INFO]   Epoch [14/20] Batch [500/1587]  Loss: 0.0219
[2026-03-28 13:31:34][INFO]   Epoch [14/20] Batch [600/1587]  Loss: 0.0084
[2026-03-28 13:31:46][INFO]   Epoch [14/20] Batch [700/1587]  Loss: 0.0616
[2026-03-28 13:31:57][INFO]   Epoch [14/20] Batch [800/1587]  Loss: 0.0046
[2026-03-28 13:32:09][INFO]   Epoch [14/20] Batch [900/1587]  Loss: 0.2660
[2026-03-28 13:32:21][INFO]   Epoch [14/20] Batch [1000/1587]  Loss: 0.0877
[2026-03-28 13:32:33][INFO]   Epoch [14/20] Batch [1100/1587]  Loss: 0.0161
[2026-03-28 13:32:45][INFO]   Epoch [14/20] Batch [1200/1587]  Loss: 0.1713
[2026-03-28 13:32:57][INFO]   Epoch [14/20] Batch [1300/1587]  Loss: 0.0417
[2026-03-28 13:33:09][INFO]   Epoch [14/20] Batch [1400/1587]  Loss: 0.2135
[2026-03-28 13:33:21][INFO]   Epoch [14/20] Batch [1500/1587]  Loss: 0.1671
[2026-03-28 13:34:52][INFO] Epoch [14/20] | Loss: 0.0931 | Val EER: 1.37% | LR(backend): 2.07e-04
[2026-03-28 13:35:04][INFO]   Epoch [15/20] Batch [100/1587]  Loss: 0.1522
[2026-03-28 13:35:16][INFO]   Epoch [15/20] Batch [200/1587]  Loss: 0.0615
[2026-03-28 13:35:28][INFO]   Epoch [15/20] Batch [300/1587]  Loss: 0.1356
[2026-03-28 13:35:40][INFO]   Epoch [15/20] Batch [400/1587]  Loss: 0.0361
[2026-03-28 13:35:51][INFO]   Epoch [15/20] Batch [500/1587]  Loss: 0.0670
[2026-03-28 13:36:03][INFO]   Epoch [15/20] Batch [600/1587]  Loss: 0.0819
[2026-03-28 13:36:15][INFO]   Epoch [15/20] Batch [700/1587]  Loss: 0.0248
[2026-03-28 13:36:27][INFO]   Epoch [15/20] Batch [800/1587]  Loss: 0.1457
[2026-03-28 13:36:39][INFO]   Epoch [15/20] Batch [900/1587]  Loss: 0.0051
[2026-03-28 13:36:50][INFO]   Epoch [15/20] Batch [1000/1587]  Loss: 0.0074
[2026-03-28 13:37:02][INFO]   Epoch [15/20] Batch [1100/1587]  Loss: 0.0694
[2026-03-28 13:37:14][INFO]   Epoch [15/20] Batch [1200/1587]  Loss: 0.0719
[2026-03-28 13:37:26][INFO]   Epoch [15/20] Batch [1300/1587]  Loss: 0.0816
[2026-03-28 13:37:37][INFO]   Epoch [15/20] Batch [1400/1587]  Loss: 0.1245
[2026-03-28 13:37:49][INFO]   Epoch [15/20] Batch [1500/1587]  Loss: 0.0012
[2026-03-28 13:39:20][INFO] Epoch [15/20] | Loss: 0.0950 | Val EER: 1.26% | LR(backend): 1.47e-04
[2026-03-28 13:39:32][INFO]   Epoch [16/20] Batch [100/1587]  Loss: 0.0470
[2026-03-28 13:39:44][INFO]   Epoch [16/20] Batch [200/1587]  Loss: 0.0573
[2026-03-28 13:39:56][INFO]   Epoch [16/20] Batch [300/1587]  Loss: 0.0221
[2026-03-28 13:40:08][INFO]   Epoch [16/20] Batch [400/1587]  Loss: 0.0085
[2026-03-28 13:40:20][INFO]   Epoch [16/20] Batch [500/1587]  Loss: 0.0597
[2026-03-28 13:40:31][INFO]   Epoch [16/20] Batch [600/1587]  Loss: 0.1682
[2026-03-28 13:40:43][INFO]   Epoch [16/20] Batch [700/1587]  Loss: 0.0043
[2026-03-28 13:40:55][INFO]   Epoch [16/20] Batch [800/1587]  Loss: 0.0034
[2026-03-28 13:41:07][INFO]   Epoch [16/20] Batch [900/1587]  Loss: 0.0322
[2026-03-28 13:41:19][INFO]   Epoch [16/20] Batch [1000/1587]  Loss: 0.0919
[2026-03-28 13:41:30][INFO]   Epoch [16/20] Batch [1100/1587]  Loss: 0.0429
[2026-03-28 13:41:42][INFO]   Epoch [16/20] Batch [1200/1587]  Loss: 0.1641
[2026-03-28 13:41:54][INFO]   Epoch [16/20] Batch [1300/1587]  Loss: 0.0449
[2026-03-28 13:42:06][INFO]   Epoch [16/20] Batch [1400/1587]  Loss: 0.0956
[2026-03-28 13:42:17][INFO]   Epoch [16/20] Batch [1500/1587]  Loss: 0.0809
[2026-03-28 13:43:49][INFO] Epoch [16/20] | Loss: 0.0869 | Val EER: 1.38% | LR(backend): 9.64e-05
[2026-03-28 13:44:01][INFO]   Epoch [17/20] Batch [100/1587]  Loss: 0.2916
[2026-03-28 13:44:13][INFO]   Epoch [17/20] Batch [200/1587]  Loss: 0.0232
[2026-03-28 13:44:24][INFO]   Epoch [17/20] Batch [300/1587]  Loss: 0.0477
[2026-03-28 13:44:36][INFO]   Epoch [17/20] Batch [400/1587]  Loss: 0.0047
[2026-03-28 13:44:48][INFO]   Epoch [17/20] Batch [500/1587]  Loss: 0.0036
[2026-03-28 13:45:00][INFO]   Epoch [17/20] Batch [600/1587]  Loss: 0.1773
[2026-03-28 13:45:12][INFO]   Epoch [17/20] Batch [700/1587]  Loss: 0.2426
[2026-03-28 13:45:23][INFO]   Epoch [17/20] Batch [800/1587]  Loss: 0.5608
[2026-03-28 13:45:35][INFO]   Epoch [17/20] Batch [900/1587]  Loss: 0.3426
[2026-03-28 13:45:47][INFO]   Epoch [17/20] Batch [1000/1587]  Loss: 0.0796
[2026-03-28 13:45:59][INFO]   Epoch [17/20] Batch [1100/1587]  Loss: 0.0687
[2026-03-28 13:46:11][INFO]   Epoch [17/20] Batch [1200/1587]  Loss: 0.0153
[2026-03-28 13:46:23][INFO]   Epoch [17/20] Batch [1300/1587]  Loss: 0.0203
[2026-03-28 13:46:34][INFO]   Epoch [17/20] Batch [1400/1587]  Loss: 0.0274
[2026-03-28 13:46:46][INFO]   Epoch [17/20] Batch [1500/1587]  Loss: 0.0575
[2026-03-28 13:48:18][INFO] Epoch [17/20] | Loss: 0.0830 | Val EER: 1.19% | LR(backend): 5.54e-05
[2026-03-28 13:48:30][INFO]   Epoch [18/20] Batch [100/1587]  Loss: 0.0984
[2026-03-28 13:48:41][INFO]   Epoch [18/20] Batch [200/1587]  Loss: 0.0147
[2026-03-28 13:48:53][INFO]   Epoch [18/20] Batch [300/1587]  Loss: 0.0478
[2026-03-28 13:49:05][INFO]   Epoch [18/20] Batch [400/1587]  Loss: 0.0128
[2026-03-28 13:49:17][INFO]   Epoch [18/20] Batch [500/1587]  Loss: 0.0381
[2026-03-28 13:49:28][INFO]   Epoch [18/20] Batch [600/1587]  Loss: 0.0169
[2026-03-28 13:49:40][INFO]   Epoch [18/20] Batch [700/1587]  Loss: 0.0075
[2026-03-28 13:49:52][INFO]   Epoch [18/20] Batch [800/1587]  Loss: 0.0045
[2026-03-28 13:50:04][INFO]   Epoch [18/20] Batch [900/1587]  Loss: 0.2059
[2026-03-28 13:50:16][INFO]   Epoch [18/20] Batch [1000/1587]  Loss: 0.0764
[2026-03-28 13:50:28][INFO]   Epoch [18/20] Batch [1100/1587]  Loss: 0.0181
[2026-03-28 13:50:39][INFO]   Epoch [18/20] Batch [1200/1587]  Loss: 0.0111
[2026-03-28 13:50:51][INFO]   Epoch [18/20] Batch [1300/1587]  Loss: 0.0026
[2026-03-28 13:51:03][INFO]   Epoch [18/20] Batch [1400/1587]  Loss: 0.1419
[2026-03-28 13:51:15][INFO]   Epoch [18/20] Batch [1500/1587]  Loss: 0.0852
[2026-03-28 13:52:46][INFO] Epoch [18/20] | Loss: 0.0801 | Val EER: 1.46% | LR(backend): 2.54e-05
[2026-03-28 13:52:46][INFO] 早停触发！
[2026-03-28 13:52:46][INFO] 
训练完成！最佳验证 EER: 1.09%
